<?xml version="1.0" encoding="UTF-8"?>
<testng-results skipped="0" failed="0" ignored="0" total="1" passed="1">
  <reporter-output>
  </reporter-output>
  <suite name="Suite1" duration-ms="12358" started-at="2018-08-13T02:06:31Z" finished-at="2018-08-13T02:06:43Z">
    <groups>
    </groups>
    <test name="WebDriver" duration-ms="12358" started-at="2018-08-13T02:06:31Z" finished-at="2018-08-13T02:06:43Z">
      <class name="TestNG.addressbook">
        <test-method status="PASS" signature="launch()[pri:0, instance:TestNG.addressbook@4678c730]" name="launch" is-config="true" duration-ms="6883" started-at="2018-08-13T02:06:31Z" finished-at="2018-08-13T02:06:38Z">
          <reporter-output>
          </reporter-output>
        </test-method> <!-- launch -->
        <test-method status="PASS" signature="verfiylogin()[pri:0, instance:TestNG.addressbook@4678c730]" name="verfiylogin" duration-ms="3250" started-at="2018-08-13T02:06:38Z" finished-at="2018-08-13T02:06:41Z">
          <reporter-output>
          </reporter-output>
        </test-method> <!-- verfiylogin -->
        <test-method status="PASS" signature="logout()[pri:0, instance:TestNG.addressbook@4678c730]" name="logout" is-config="true" duration-ms="2190" started-at="2018-08-13T02:06:41Z" finished-at="2018-08-13T02:06:43Z">
          <reporter-output>
          </reporter-output>
        </test-method> <!-- logout -->
      </class> <!-- TestNG.addressbook -->
    </test> <!-- WebDriver -->
  </suite> <!-- Suite1 -->
</testng-results>
